2025-05-11 11:44:33,682 - __main__ - INFO - --------------------------------------------------------------------------------
2025-05-11 11:44:33,683 - __main__ - INFO - 0xd3daf3c63cc00b7e178985be0e446ba6f5dcece7 | amusedCamel
2025-05-11 11:44:33,954 - __main__ - INFO - PrayAtia - Quest is already completed
2025-05-11 11:44:34,161 - __main__ - INFO - RollPouch - Status: Open
2025-05-11 11:44:34,366 - __main__ - INFO - Win1ClassicBattle - Quest is already completed
2025-05-11 11:44:34,477 - __main__ - INFO - Win1OriginsBattle - Quest is already completed
2025-05-11 11:44:34,690 - __main__ - INFO - FeedCocoOwnedAxie - Status: Open
2025-05-11 11:44:34,691 - __main__ - INFO - --------------------------------------------------------------------------------
2025-05-11 11:44:34,691 - __main__ - INFO - 0x99f1ad08af12f51e337643ae8b224bee1a83f4f3 | feistyTomato
2025-05-11 11:44:34,889 - __main__ - INFO - PrayAtia - Quest is already completed
2025-05-11 11:44:35,092 - __main__ - INFO - RollPouch - Status: Open
2025-05-11 11:44:35,291 - __main__ - INFO - Win1ClassicBattle - Quest is already completed
2025-05-11 11:44:35,483 - __main__ - INFO - Win1OriginsBattle - Quest is already completed
2025-05-11 11:44:35,716 - __main__ - INFO - FeedCocoOwnedAxie - Status: Open
2025-05-11 11:44:35,717 - __main__ - INFO - --------------------------------------------------------------------------------
2025-05-11 11:44:35,717 - __main__ - INFO - 0xf57a14a0a2c9e1836f8cfc249516ec2b01b80182 | wigglyCow
2025-05-11 11:44:35,843 - __main__ - INFO - PrayAtia - Quest is already completed
2025-05-11 11:44:36,052 - __main__ - INFO - RollPouch - Status: Open
2025-05-11 11:44:36,234 - __main__ - INFO - Win1ClassicBattle - Status: Open
2025-05-11 11:44:36,457 - __main__ - INFO - Win1OriginsBattle - Status: Open
2025-05-11 11:44:36,668 - __main__ - INFO - FeedCocoOwnedAxie - Status: Open
