2025-03-31 03:25:14,263 - __main__ - INFO - Loading secrets: All secrets loaded
2025-03-31 03:25:14,654 - __main__ - INFO - User: 0xd3daf3c63cc00b7e178985be0e446ba6f5dcece7 -> Starting Blessing Transaction
2025-03-31 03:25:16,086 - __main__ - INFO - User: 0xd3daf3c63cc00b7e178985be0e446ba6f5dcece7 -> Transaction complete! b'K\xfdsA\x81\x93M\xf9\x1d$A\x02\'\x17\xa0d\x1ct\xf6\x9e7"\x1eL\xc4+\x9b\xbe\xea\xe1\xc6@'
2025-03-31 03:25:16,438 - __main__ - INFO - User: 0x99f1ad08af12f51e337643ae8b224bee1a83f4f3 -> Starting Blessing Transaction
2025-03-31 03:25:17,781 - __main__ - INFO - User: 0x99f1ad08af12f51e337643ae8b224bee1a83f4f3 -> Transaction complete! b'\xa4`EF\xe4\x83\xb7\x06\xbd\x80q\x0f\xd5M\x99\x07\x05\xfb\xcf\xe3p\xca(\xb7a\xae\x83&\xb1\t\xfc\xfd'
2025-03-31 03:25:18,088 - __main__ - INFO - User: 0xf57a14a0a2c9e1836f8cfc249516ec2b01b80182 -> Starting Blessing Transaction
2025-03-31 03:25:19,346 - __main__ - INFO - User: 0xf57a14a0a2c9e1836f8cfc249516ec2b01b80182 -> Transaction complete! b'\xaf@C<m\xd82rX\xdc\xaf\x7f\xd0#1%\\\n\xdb\x9cG\\\x07\xf2\x94\xec\xab\x1c \x8d\xf5\x10'
2025-03-31 03:25:19,346 - __main__ - INFO - --------------------------------------------------------------------------------
2025-03-31 03:39:47,476 - __main__ - INFO - Loading secrets: All secrets loaded
2025-03-31 03:39:47,939 - __main__ - INFO - User: 0xd3daf3c63cc00b7e178985be0e446ba6f5dcece7 -> Already blessed
2025-03-31 03:39:48,321 - __main__ - INFO - User: 0x99f1ad08af12f51e337643ae8b224bee1a83f4f3 -> Already blessed
2025-03-31 03:39:48,789 - __main__ - INFO - User: 0xf57a14a0a2c9e1836f8cfc249516ec2b01b80182 -> Already blessed
2025-03-31 03:39:48,789 - __main__ - INFO - --------------------------------------------------------------------------------
2025-04-01 03:47:29,341 - __main__ - INFO - Loading secrets: All secrets loaded
2025-04-01 03:47:29,726 - __main__ - INFO - User: 0xd3daf3c63cc00b7e178985be0e446ba6f5dcece7 -> Starting Blessing Transaction
2025-04-01 03:47:30,972 - __main__ - INFO - User: 0xd3daf3c63cc00b7e178985be0e446ba6f5dcece7 -> Transaction complete! b'{\xe0J\x14\x9c\x9b\n\xf6\xaf#{&\x8bq\x8f\x1e\xe1\xc7P\x9b\xf9\xa8>\xda1K\xc1\xf30\x17\x127'
2025-04-01 03:47:31,274 - __main__ - INFO - User: 0x99f1ad08af12f51e337643ae8b224bee1a83f4f3 -> Starting Blessing Transaction
2025-04-01 03:47:32,515 - __main__ - INFO - User: 0x99f1ad08af12f51e337643ae8b224bee1a83f4f3 -> Transaction complete! b'J\xebo\rU1\x8b\x7fP\xfc\x1b\x87l\xbb\xd6&\xe1\xc9\x86\x89{5,\x89\xea\x96\xc0\x8bBx@\xad'
2025-04-01 03:47:32,838 - __main__ - INFO - User: 0xf57a14a0a2c9e1836f8cfc249516ec2b01b80182 -> Starting Blessing Transaction
2025-04-01 03:47:34,068 - __main__ - INFO - User: 0xf57a14a0a2c9e1836f8cfc249516ec2b01b80182 -> Transaction complete! b"^ '\xa1#Y\xee\x8c\xb0\xab\xb9\xb6X\xdf\x0c\n\xe8\x9c\xd90\xad: \xbab\x82\xba;o\xb5\x14\xf6"
2025-04-01 03:47:34,068 - __main__ - INFO - --------------------------------------------------------------------------------
